<?xml version="1.0" encoding="UTF-8"?>
<!-- Generated by org.testng.reporters.JUnitReportReporter -->
<testsuite skipped="0" hostname="AnilHPLaptop" name="zoho.test.Zoho_DriverFactory_Test" tests="1" failures="0" timestamp="18 Mar 2023 06:40:48 GMT" time="22.912" errors="0">
  <testcase name="mytest2" time="22.912" classname="zoho.test.Zoho_DriverFactory_Test"/>
</testsuite> <!-- zoho.test.Zoho_DriverFactory_Test -->
