<?xml version="1.0" encoding="UTF-8"?>
<!-- Generated by org.testng.reporters.JUnitReportReporter -->
<testsuite skipped="0" hostname="AnilHPLaptop" name="zoho.test.Zoho_DriverFactory_Test2" tests="2" failures="0" timestamp="20 Mar 2023 11:26:53 GMT" time="51.494" errors="0">
  <testcase name="mytest21" time="27.066" classname="zoho.test.Zoho_DriverFactory_Test2"/>
  <testcase name="mytest23" time="24.428" classname="zoho.test.Zoho_DriverFactory_Test2"/>
</testsuite> <!-- zoho.test.Zoho_DriverFactory_Test2 -->
