<?xml version="1.0" encoding="UTF-8"?>
<!-- Generated by org.testng.reporters.JUnitReportReporter -->
<testsuite skipped="0" hostname="AnilHPLaptop" name="zoho.test.Zoho_DriverFactory_Test2" tests="2" failures="0" timestamp="21 Mar 2023 12:09:33 GMT" time="49.757" errors="1">
  <testcase name="mytest8" time="26.555" classname="zoho.test.Zoho_DriverFactory_Test2">
    <error type="org.openqa.selenium.TimeoutException" message="Expected condition failed: waiting for element to be clickable: [[ChromeDriver: chrome on WINDOWS (7c6ea2cfd722aabfc10189f7499591bd)] -&gt; xpath: //input[@id=&#039;password&#039;]] (tried for 10 second(s) with 500 milliseconds interval)
Build info: version: &#039;4.3.0&#039;, revision: &#039;a4995e2c09*&#039;
System info: host: &#039;ANILHPLAPTOP&#039;, ip: &#039;192.168.1.123&#039;, os.name: &#039;Windows 10&#039;, os.arch: &#039;amd64&#039;, os.version: &#039;10.0&#039;, java.version: &#039;1.8.0_202&#039;
Driver info: com.sun.proxy.$Proxy29">
      <![CDATA[org.openqa.selenium.TimeoutException: Expected condition failed: waiting for element to be clickable: [[ChromeDriver: chrome on WINDOWS (7c6ea2cfd722aabfc10189f7499591bd)] -> xpath: //input[@id='password']] (tried for 10 second(s) with 500 milliseconds interval)
Build info: version: '4.3.0', revision: 'a4995e2c09*'
System info: host: 'ANILHPLAPTOP', ip: '192.168.1.123', os.name: 'Windows 10', os.arch: 'amd64', os.version: '10.0', java.version: '1.8.0_202'
Driver info: com.sun.proxy.$Proxy29
at org.openqa.selenium.support.ui.WebDriverWait.timeoutException(WebDriverWait.java:87)
at org.openqa.selenium.support.ui.FluentWait.until(FluentWait.java:231)
at zoho.pageobjects.ZohoBasePO.getElement(ZohoBasePO.java:22)
at zoho.pageobjects.ZohoSignInPO.signInWithEmailAndPassword(ZohoSignInPO.java:34)
at zoho.test.Zoho_DriverFactory_Test2.mytest8(Zoho_DriverFactory_Test2.java:55)
at sun.reflect.NativeMethodAccessorImpl.invoke0(Native Method)
at sun.reflect.NativeMethodAccessorImpl.invoke(NativeMethodAccessorImpl.java:62)
at sun.reflect.DelegatingMethodAccessorImpl.invoke(DelegatingMethodAccessorImpl.java:43)
at java.lang.reflect.Method.invoke(Method.java:498)
at org.testng.internal.MethodInvocationHelper.invokeMethod(MethodInvocationHelper.java:124)
at org.testng.internal.Invoker.invokeMethod(Invoker.java:583)
at org.testng.internal.Invoker.invokeTestMethod(Invoker.java:719)
at org.testng.internal.Invoker.invokeTestMethods(Invoker.java:989)
at org.testng.internal.TestMethodWorker.invokeTestMethods(TestMethodWorker.java:125)
at org.testng.internal.TestMethodWorker.run(TestMethodWorker.java:109)
at java.util.concurrent.ThreadPoolExecutor.runWorker(ThreadPoolExecutor.java:1149)
at java.util.concurrent.ThreadPoolExecutor$Worker.run(ThreadPoolExecutor.java:624)
at java.lang.Thread.run(Thread.java:748)
]]>
    </error>
  </testcase> <!-- mytest8 -->
  <testcase name="mytest7" time="23.202" classname="zoho.test.Zoho_DriverFactory_Test2"/>
</testsuite> <!-- zoho.test.Zoho_DriverFactory_Test2 -->
