<?xml version="1.0" encoding="UTF-8"?>
<!-- Generated by org.testng.reporters.JUnitReportReporter -->
<testsuite skipped="0" hostname="AnilHPLaptop" name="zoho.test.Zoho_DriverFactory_Test2" tests="2" failures="0" timestamp="22 Mar 2023 16:04:05 GMT" time="81.071" errors="0">
  <testcase name="mytest10" time="51.590" classname="zoho.test.Zoho_DriverFactory_Test2"/>
  <testcase name="mytest9" time="29.481" classname="zoho.test.Zoho_DriverFactory_Test2"/>
</testsuite> <!-- zoho.test.Zoho_DriverFactory_Test2 -->
