<?xml version="1.0" encoding="UTF-8"?>
<!-- Generated by org.testng.reporters.JUnitReportReporter -->
<testsuite skipped="0" hostname="AnilHPLaptop" name="zoho.test.Zoho_DriverFactory_Test2" tests="2" failures="0" timestamp="22 Mar 2023 08:53:44 GMT" time="62.696" errors="0">
  <testcase name="mytest9" time="31.988" classname="zoho.test.Zoho_DriverFactory_Test2"/>
  <testcase name="mytest10" time="30.708" classname="zoho.test.Zoho_DriverFactory_Test2"/>
</testsuite> <!-- zoho.test.Zoho_DriverFactory_Test2 -->
