<?xml version="1.0" encoding="UTF-8"?>
<!-- Generated by org.testng.reporters.JUnitReportReporter -->
<testsuite skipped="0" hostname="AnilsWindowsLap" name="local.test.LocalTest" tests="2" failures="0" timestamp="27 Mar 2023 12:45:18 GMT" time="11.480" errors="0">
  <testcase name="f1" time="6.450" classname="local.test.LocalTest"/>
  <testcase name="f2" time="5.030" classname="local.test.LocalTest"/>
</testsuite> <!-- local.test.LocalTest -->
