<?xml version="1.0" encoding="UTF-8"?>
<!-- Generated by org.testng.reporters.JUnitReportReporter -->
<testsuite skipped="0" hostname="ANILs-Air.lan" name="local.test.LocalTest" tests="2" failures="0" timestamp="25 Mar 2023 03:15:19 GMT" time="11.421" errors="0">
  <testcase name="f2" time="5.029" classname="local.test.LocalTest"/>
  <testcase name="f1" time="6.392" classname="local.test.LocalTest"/>
</testsuite> <!-- local.test.LocalTest -->
