<?xml version="1.0" encoding="UTF-8"?>
<!-- Generated by org.testng.reporters.JUnitReportReporter -->
<testsuite skipped="0" hostname="AnilHPLaptop" name="local.test.LocalTest" tests="2" failures="0" timestamp="22 Mar 2023 15:43:25 GMT" time="13.731" errors="0">
  <testcase name="f1" time="8.710" classname="local.test.LocalTest"/>
  <testcase name="f2" time="5.021" classname="local.test.LocalTest"/>
</testsuite> <!-- local.test.LocalTest -->
