<?xml version="1.0" encoding="UTF-8"?>
<!-- Generated by org.testng.reporters.JUnitReportReporter -->
<testsuite skipped="0" hostname="anil-mac" name="zoho.test.ZohoTest1" tests="1" failures="0" timestamp="16 Mar 2023 13:57:02 GMT" time="7.883" errors="0">
  <testcase name="mytest2" time="7.883" classname="zoho.test.ZohoTest1"/>
</testsuite> <!-- zoho.test.ZohoTest1 -->
