<?xml version="1.0" encoding="UTF-8"?>
<!-- Generated by org.testng.reporters.JUnitReportReporter -->
<testsuite skipped="0" hostname="AnilHPLaptop" name="zoho.test.Zoho_DriverFactory_Test2" tests="2" failures="0" timestamp="20 Mar 2023 12:10:23 GMT" time="50.524" errors="0">
  <testcase name="mytest23" time="23.432" classname="zoho.test.Zoho_DriverFactory_Test2"/>
  <testcase name="mytest21" time="27.092" classname="zoho.test.Zoho_DriverFactory_Test2"/>
</testsuite> <!-- zoho.test.Zoho_DriverFactory_Test2 -->
