<?xml version="1.0" encoding="UTF-8"?>
<!-- Generated by org.testng.reporters.JUnitReportReporter -->
<testsuite skipped="0" hostname="AnilsWindowsLap" name="zoho.test.Zoho_DriverFactory_Test2" tests="2" failures="0" timestamp="26 Mar 2023 13:50:44 GMT" time="64.233" errors="0">
  <testcase name="mytest10" time="29.707" classname="zoho.test.Zoho_DriverFactory_Test2"/>
  <testcase name="mytest9" time="34.526" classname="zoho.test.Zoho_DriverFactory_Test2"/>
</testsuite> <!-- zoho.test.Zoho_DriverFactory_Test2 -->
